-------------------------------------------------------------------------------
Test set: com.example.ConferenceHall.ConferenceHallApplicationTests
-------------------------------------------------------------------------------
Tests run: 1, Failures: 0, Errors: 1, Skipped: 0, Time elapsed: 0.3 s <<< FAILURE! - in com.example.ConferenceHall.ConferenceHallApplicationTests
com.example.ConferenceHall.ConferenceHallApplicationTests  Time elapsed: 0.298 s  <<< ERROR!
java.lang.IllegalStateException: Unable to find a @SpringBootConfiguration, you need to use @ContextConfiguration or @SpringBootTest(classes=...) with your test

